<?xml version="1.0" encoding="UTF-8"?>
<!-- Generated by org.testng.reporters.JUnitXMLReporter -->
<testsuite ignored="3" hostname="abhay_pande" failures="0" tests="1" name="Default test" time="14.684" errors="0" timestamp="2023-02-27T12:08:02 IST">
  <testcase classname="crmprotest.LoginPageTest" name="validateLogoImgTest" time="0.036"/>
  <testcase classname="crmprotest.LoginPageTest" name="validateForgetPasswordTest" time="0.0">
    <ignored/>
  </testcase> <!-- validateForgetPasswordTest -->
  <testcase classname="crmprotest.LoginPageTest" name="validateLoginPageTest" time="0.0">
    <ignored/>
  </testcase> <!-- validateLoginPageTest -->
  <testcase classname="crmprotest.LoginPageTest" name="validateGetTitleTest" time="0.0">
    <ignored/>
  </testcase> <!-- validateGetTitleTest -->
</testsuite> <!-- Default test -->
