<?xml version="1.0" encoding="UTF-8"?>
<testng-results ignored="3" total="4" passed="1" failed="0" skipped="0">
  <reporter-output>
  </reporter-output>
  <suite started-at="2023-02-27T12:07:48 IST" name="Default suite" finished-at="2023-02-27T12:08:02 IST" duration-ms="14684">
    <groups>
    </groups>
    <test started-at="2023-02-27T12:07:48 IST" name="Default test" finished-at="2023-02-27T12:08:02 IST" duration-ms="14684">
      <class name="crmprotest.LoginPageTest">
        <test-method is-config="true" signature="intialization()[pri:0, instance:crmprotest.LoginPageTest@2e6a8155]" started-at="2023-02-27T12:07:48 IST" name="intialization" finished-at="2023-02-27T12:08:02 IST" duration-ms="14480" status="PASS">
          <reporter-output>
          </reporter-output>
        </test-method> <!-- intialization -->
        <test-method signature="validateLogoImgTest()[pri:2, instance:crmprotest.LoginPageTest@2e6a8155]" started-at="2023-02-27T12:08:02 IST" name="validateLogoImgTest" finished-at="2023-02-27T12:08:02 IST" duration-ms="36" status="PASS">
          <reporter-output>
          </reporter-output>
        </test-method> <!-- validateLogoImgTest -->
        <test-method is-config="true" signature="closeResources()[pri:0, instance:crmprotest.LoginPageTest@2e6a8155]" started-at="2023-02-27T12:08:02 IST" name="closeResources" finished-at="2023-02-27T12:08:02 IST" duration-ms="136" status="PASS">
          <reporter-output>
          </reporter-output>
        </test-method> <!-- closeResources -->
      </class> <!-- crmprotest.LoginPageTest -->
    </test> <!-- Default test -->
  </suite> <!-- Default suite -->
</testng-results>
