<?xml version="1.0" encoding="UTF-8"?>
<!-- Generated by org.testng.reporters.JUnitXMLReporter -->
<testsuite ignored="4" hostname="abhay_pande" failures="0" tests="1" name="Default test" time="2.539" errors="0" timestamp="2023-02-02T10:27:53 IST">
  <testcase classname="APIAutomationProject.CrudOperation" name="getRequest" time="2.511"/>
  <testcase classname="APIAutomationProject.CrudOperation" name="putRequest" time="0.0">
    <ignored/>
  </testcase> <!-- putRequest -->
  <testcase classname="APIAutomationProject.CrudOperation" name="postRequest" time="0.0">
    <ignored/>
  </testcase> <!-- postRequest -->
  <testcase classname="APIAutomationProject.CrudOperation" name="patchMethod" time="0.0">
    <ignored/>
  </testcase> <!-- patchMethod -->
  <testcase classname="APIAutomationProject.CrudOperation" name="deleteRequst" time="0.0">
    <ignored/>
  </testcase> <!-- deleteRequst -->
</testsuite> <!-- Default test -->
