<?xml version="1.0" encoding="UTF-8"?>
<testng-results ignored="4" total="5" passed="1" failed="0" skipped="0">
  <reporter-output>
  </reporter-output>
  <suite started-at="2023-02-02T10:27:51 IST" name="Default suite" finished-at="2023-02-02T10:27:53 IST" duration-ms="2539">
    <groups>
    </groups>
    <test started-at="2023-02-02T10:27:51 IST" name="Default test" finished-at="2023-02-02T10:27:53 IST" duration-ms="2539">
      <class name="APIAutomationProject.CrudOperation">
        <test-method signature="getRequest()[pri:2, instance:APIAutomationProject.CrudOperation@fba92d3]" started-at="2023-02-02T10:27:51 IST" name="getRequest" finished-at="2023-02-02T10:27:53 IST" duration-ms="2511" status="PASS">
          <reporter-output>
          </reporter-output>
        </test-method> <!-- getRequest -->
      </class> <!-- APIAutomationProject.CrudOperation -->
    </test> <!-- Default test -->
  </suite> <!-- Default suite -->
</testng-results>
